Generated at 2019-05-06 05:11:33 +0000
Mixlib::ShellOut::ShellCommandFailed: bash[extract_module] (sonarqube::default line 30) had an error: Mixlib::ShellOut::ShellCommandFailed: Expected process to exit with [0], but received '1'
---- Begin output of "bash"  "/tmp/chef-script20190506-5831-1fnoyf9" ----
STDOUT: 
STDERR: unzip:  cannot find or open sonarqube-7.7.zip, sonarqube-7.7.zip.zip or sonarqube-7.7.zip.ZIP.
chown: cannot access '/opt/sonarqube-7.7': No such file or directory
---- End output of "bash"  "/tmp/chef-script20190506-5831-1fnoyf9" ----
Ran "bash"  "/tmp/chef-script20190506-5831-1fnoyf9" returned 1
/opt/chefdk/embedded/lib/ruby/gems/2.5.0/gems/mixlib-shellout-2.4.0/lib/mixlib/shellout.rb:297:in `invalid!'
/opt/chefdk/embedded/lib/ruby/gems/2.5.0/gems/mixlib-shellout-2.4.0/lib/mixlib/shellout.rb:284:in `error!'
/opt/chefdk/embedded/lib/ruby/gems/2.5.0/gems/chef-14.7.17/lib/chef/mixin/shell_out.rb:202:in `shell_out_compacted!'
/opt/chefdk/embedded/lib/ruby/gems/2.5.0/gems/chef-14.7.17/lib/chef/mixin/shell_out.rb:124:in `shell_out!'
/opt/chefdk/embedded/lib/ruby/gems/2.5.0/gems/chef-14.7.17/lib/chef/provider/execute.rb:58:in `block in action_run'
/opt/chefdk/embedded/lib/ruby/gems/2.5.0/gems/chef-14.7.17/lib/chef/mixin/why_run.rb:51:in `add_action'
/opt/chefdk/embedded/lib/ruby/gems/2.5.0/gems/chef-14.7.17/lib/chef/provider.rb:227:in `converge_by'
/opt/chefdk/embedded/lib/ruby/gems/2.5.0/gems/chef-14.7.17/lib/chef/provider/execute.rb:56:in `action_run'
/opt/chefdk/embedded/lib/ruby/gems/2.5.0/gems/chef-14.7.17/lib/chef/provider/script.rb:64:in `action_run'
/opt/chefdk/embedded/lib/ruby/gems/2.5.0/gems/chef-14.7.17/lib/chef/provider.rb:182:in `run_action'
/opt/chefdk/embedded/lib/ruby/gems/2.5.0/gems/chef-14.7.17/lib/chef/resource.rb:578:in `run_action'
/opt/chefdk/embedded/lib/ruby/gems/2.5.0/gems/chef-14.7.17/lib/chef/runner.rb:70:in `run_action'
/opt/chefdk/embedded/lib/ruby/gems/2.5.0/gems/chef-14.7.17/lib/chef/runner.rb:98:in `block (2 levels) in converge'
/opt/chefdk/embedded/lib/ruby/gems/2.5.0/gems/chef-14.7.17/lib/chef/runner.rb:98:in `each'
/opt/chefdk/embedded/lib/ruby/gems/2.5.0/gems/chef-14.7.17/lib/chef/runner.rb:98:in `block in converge'
/opt/chefdk/embedded/lib/ruby/gems/2.5.0/gems/chef-14.7.17/lib/chef/resource_collection/resource_list.rb:94:in `block in execute_each_resource'
/opt/chefdk/embedded/lib/ruby/gems/2.5.0/gems/chef-14.7.17/lib/chef/resource_collection/stepable_iterator.rb:114:in `call_iterator_block'
/opt/chefdk/embedded/lib/ruby/gems/2.5.0/gems/chef-14.7.17/lib/chef/resource_collection/stepable_iterator.rb:85:in `step'
/opt/chefdk/embedded/lib/ruby/gems/2.5.0/gems/chef-14.7.17/lib/chef/resource_collection/stepable_iterator.rb:103:in `iterate'
/opt/chefdk/embedded/lib/ruby/gems/2.5.0/gems/chef-14.7.17/lib/chef/resource_collection/stepable_iterator.rb:55:in `each_with_index'
/opt/chefdk/embedded/lib/ruby/gems/2.5.0/gems/chef-14.7.17/lib/chef/resource_collection/resource_list.rb:92:in `execute_each_resource'
/opt/chefdk/embedded/lib/ruby/gems/2.5.0/gems/chef-14.7.17/lib/chef/runner.rb:97:in `converge'
/opt/chefdk/embedded/lib/ruby/gems/2.5.0/gems/chef-14.7.17/lib/chef/client.rb:720:in `block in converge'
/opt/chefdk/embedded/lib/ruby/gems/2.5.0/gems/chef-14.7.17/lib/chef/client.rb:715:in `catch'
/opt/chefdk/embedded/lib/ruby/gems/2.5.0/gems/chef-14.7.17/lib/chef/client.rb:715:in `converge'
/opt/chefdk/embedded/lib/ruby/gems/2.5.0/gems/chef-14.7.17/lib/chef/client.rb:754:in `converge_and_save'
/opt/chefdk/embedded/lib/ruby/gems/2.5.0/gems/chef-14.7.17/lib/chef/client.rb:286:in `run'
/opt/chefdk/embedded/lib/ruby/gems/2.5.0/gems/chef-14.7.17/lib/chef/application.rb:303:in `run_with_graceful_exit_option'
/opt/chefdk/embedded/lib/ruby/gems/2.5.0/gems/chef-14.7.17/lib/chef/application.rb:279:in `block in run_chef_client'
/opt/chefdk/embedded/lib/ruby/gems/2.5.0/gems/chef-14.7.17/lib/chef/local_mode.rb:44:in `with_server_connectivity'
/opt/chefdk/embedded/lib/ruby/gems/2.5.0/gems/chef-14.7.17/lib/chef/application.rb:261:in `run_chef_client'
/opt/chefdk/embedded/lib/ruby/gems/2.5.0/gems/chef-14.7.17/lib/chef/application/client.rb:440:in `run_application'
/opt/chefdk/embedded/lib/ruby/gems/2.5.0/gems/chef-14.7.17/lib/chef/application.rb:66:in `run'
/opt/chefdk/embedded/lib/ruby/gems/2.5.0/gems/chef-14.7.17/bin/chef-client:25:in `<top (required)>'
/opt/chefdk/embedded/bin/chef-client:23:in `load'
/opt/chefdk/embedded/bin/chef-client:23:in `<main>'

>>>> Caused by Mixlib::ShellOut::ShellCommandFailed: Expected process to exit with [0], but received '1'
---- Begin output of "bash"  "/tmp/chef-script20190506-5831-1fnoyf9" ----
STDOUT: 
STDERR: unzip:  cannot find or open sonarqube-7.7.zip, sonarqube-7.7.zip.zip or sonarqube-7.7.zip.ZIP.
chown: cannot access '/opt/sonarqube-7.7': No such file or directory
---- End output of "bash"  "/tmp/chef-script20190506-5831-1fnoyf9" ----
Ran "bash"  "/tmp/chef-script20190506-5831-1fnoyf9" returned 1
/opt/chefdk/embedded/lib/ruby/gems/2.5.0/gems/mixlib-shellout-2.4.0/lib/mixlib/shellout.rb:297:in `invalid!'
/opt/chefdk/embedded/lib/ruby/gems/2.5.0/gems/mixlib-shellout-2.4.0/lib/mixlib/shellout.rb:284:in `error!'
/opt/chefdk/embedded/lib/ruby/gems/2.5.0/gems/chef-14.7.17/lib/chef/mixin/shell_out.rb:202:in `shell_out_compacted!'
/opt/chefdk/embedded/lib/ruby/gems/2.5.0/gems/chef-14.7.17/lib/chef/mixin/shell_out.rb:124:in `shell_out!'
/opt/chefdk/embedded/lib/ruby/gems/2.5.0/gems/chef-14.7.17/lib/chef/provider/execute.rb:58:in `block in action_run'
/opt/chefdk/embedded/lib/ruby/gems/2.5.0/gems/chef-14.7.17/lib/chef/mixin/why_run.rb:51:in `add_action'
/opt/chefdk/embedded/lib/ruby/gems/2.5.0/gems/chef-14.7.17/lib/chef/provider.rb:227:in `converge_by'
/opt/chefdk/embedded/lib/ruby/gems/2.5.0/gems/chef-14.7.17/lib/chef/provider/execute.rb:56:in `action_run'
/opt/chefdk/embedded/lib/ruby/gems/2.5.0/gems/chef-14.7.17/lib/chef/provider/script.rb:64:in `action_run'
/opt/chefdk/embedded/lib/ruby/gems/2.5.0/gems/chef-14.7.17/lib/chef/provider.rb:182:in `run_action'
/opt/chefdk/embedded/lib/ruby/gems/2.5.0/gems/chef-14.7.17/lib/chef/resource.rb:578:in `run_action'
/opt/chefdk/embedded/lib/ruby/gems/2.5.0/gems/chef-14.7.17/lib/chef/runner.rb:70:in `run_action'
/opt/chefdk/embedded/lib/ruby/gems/2.5.0/gems/chef-14.7.17/lib/chef/runner.rb:98:in `block (2 levels) in converge'
/opt/chefdk/embedded/lib/ruby/gems/2.5.0/gems/chef-14.7.17/lib/chef/runner.rb:98:in `each'
/opt/chefdk/embedded/lib/ruby/gems/2.5.0/gems/chef-14.7.17/lib/chef/runner.rb:98:in `block in converge'
/opt/chefdk/embedded/lib/ruby/gems/2.5.0/gems/chef-14.7.17/lib/chef/resource_collection/resource_list.rb:94:in `block in execute_each_resource'
/opt/chefdk/embedded/lib/ruby/gems/2.5.0/gems/chef-14.7.17/lib/chef/resource_collection/stepable_iterator.rb:114:in `call_iterator_block'
/opt/chefdk/embedded/lib/ruby/gems/2.5.0/gems/chef-14.7.17/lib/chef/resource_collection/stepable_iterator.rb:85:in `step'
/opt/chefdk/embedded/lib/ruby/gems/2.5.0/gems/chef-14.7.17/lib/chef/resource_collection/stepable_iterator.rb:103:in `iterate'
/opt/chefdk/embedded/lib/ruby/gems/2.5.0/gems/chef-14.7.17/lib/chef/resource_collection/stepable_iterator.rb:55:in `each_with_index'
/opt/chefdk/embedded/lib/ruby/gems/2.5.0/gems/chef-14.7.17/lib/chef/resource_collection/resource_list.rb:92:in `execute_each_resource'
/opt/chefdk/embedded/lib/ruby/gems/2.5.0/gems/chef-14.7.17/lib/chef/runner.rb:97:in `converge'
/opt/chefdk/embedded/lib/ruby/gems/2.5.0/gems/chef-14.7.17/lib/chef/client.rb:720:in `block in converge'
/opt/chefdk/embedded/lib/ruby/gems/2.5.0/gems/chef-14.7.17/lib/chef/client.rb:715:in `catch'
/opt/chefdk/embedded/lib/ruby/gems/2.5.0/gems/chef-14.7.17/lib/chef/client.rb:715:in `converge'
/opt/chefdk/embedded/lib/ruby/gems/2.5.0/gems/chef-14.7.17/lib/chef/client.rb:754:in `converge_and_save'
/opt/chefdk/embedded/lib/ruby/gems/2.5.0/gems/chef-14.7.17/lib/chef/client.rb:286:in `run'
/opt/chefdk/embedded/lib/ruby/gems/2.5.0/gems/chef-14.7.17/lib/chef/application.rb:303:in `run_with_graceful_exit_option'
/opt/chefdk/embedded/lib/ruby/gems/2.5.0/gems/chef-14.7.17/lib/chef/application.rb:279:in `block in run_chef_client'
/opt/chefdk/embedded/lib/ruby/gems/2.5.0/gems/chef-14.7.17/lib/chef/local_mode.rb:44:in `with_server_connectivity'
/opt/chefdk/embedded/lib/ruby/gems/2.5.0/gems/chef-14.7.17/lib/chef/application.rb:261:in `run_chef_client'
/opt/chefdk/embedded/lib/ruby/gems/2.5.0/gems/chef-14.7.17/lib/chef/application/client.rb:440:in `run_application'
/opt/chefdk/embedded/lib/ruby/gems/2.5.0/gems/chef-14.7.17/lib/chef/application.rb:66:in `run'
/opt/chefdk/embedded/lib/ruby/gems/2.5.0/gems/chef-14.7.17/bin/chef-client:25:in `<top (required)>'
/opt/chefdk/embedded/bin/chef-client:23:in `load'
/opt/chefdk/embedded/bin/chef-client:23:in `<main>'